<?xml version="1.0" encoding="UTF-8"?>
<!-- Generated by org.testng.reporters.JUnitReportReporter -->
<testsuite hostname="MININT-T19EEF9" failures="0" tests="1" name="com.azn.qa.testcase.LoginPageTest" time="19.778" errors="0" timestamp="16 Nov 2018 10:45:56 GMT">
  <testcase classname="com.azn.qa.testcase.LoginPageTest" name="login" time="19.778"/>
</testsuite> <!-- com.azn.qa.testcase.LoginPageTest -->
