<?xml version="1.0" encoding="UTF-8"?>
<!-- Generated by org.testng.reporters.JUnitReportReporter -->
<testsuite hostname="MININT-T19EEF9" failures="0" tests="1" name="com.azn.qa.testcase.SignInPageTest" time="11.508" errors="0" timestamp="13 Nov 2018 11:25:29 GMT">
  <testcase classname="com.azn.qa.testcase.SignInPageTest" name="SignIn" time="11.508"/>
</testsuite> <!-- com.azn.qa.testcase.SignInPageTest -->
