<?xml version="1.0" encoding="UTF-8"?>
<!-- Generated by org.testng.reporters.JUnitReportReporter -->
<testsuite hostname="MININT-T19EEF9" failures="0" tests="4" name="com.azn.qa.testcase.TempPageTest" time="40.048" errors="0" timestamp="21 Nov 2018 16:32:49 GMT">
  <testcase classname="com.azn.qa.testcase.TempPageTest" name="CaptureTestData" time="11.167"/>
  <testcase classname="com.azn.qa.testcase.TempPageTest" name="CaptureTestData" time="9.475"/>
  <testcase classname="com.azn.qa.testcase.TempPageTest" name="sampleMethod" time="9.451"/>
  <testcase classname="com.azn.qa.testcase.TempPageTest" name="CaptureTestData" time="9.955"/>
</testsuite> <!-- com.azn.qa.testcase.TempPageTest -->
