<?xml version="1.0" encoding="UTF-8"?>
<!-- Generated by org.testng.reporters.JUnitReportReporter -->
<testsuite hostname="MININT-T19EEF9" failures="0" tests="2" name="com.azn.qa.testcase.LoginPageTest1" time="29.553" errors="0" timestamp="15 Nov 2018 07:17:30 GMT">
  <testcase classname="com.azn.qa.testcase.LoginPageTest1" name="checkPassword" time="11.573"/>
  <testcase classname="com.azn.qa.testcase.LoginPageTest1" name="checkUsername" time="17.980"/>
</testsuite> <!-- com.azn.qa.testcase.LoginPageTest1 -->
